<?xml version="1.0" encoding="UTF-8"?>
<!-- Generated by org.testng.reporters.JUnitXMLReporter -->
<testsuite ignored="0" hostname="LAPTOP-D04C1MQQ" failures="0" tests="3" name="Default test" time="27.452" errors="0" timestamp="2024-05-02T21:35:06 EDT">
  <testcase classname="com.EasySeleniumFrameworkQuestions.TestNGQuestions" name="question1" time="0.067"/>
  <testcase classname="com.EasySeleniumFrameworkQuestions.TestNGQuestions" name="question2" time="2.673"/>
  <testcase classname="com.EasySeleniumFrameworkQuestions.TestNGQuestions" name="question3" time="1.726"/>
</testsuite> <!-- Default test -->
