<?xml version="1.0" encoding="UTF-8"?>
<testng-results ignored="0" total="3" passed="3" failed="0" skipped="0">
  <reporter-output>
  </reporter-output>
  <suite started-at="2024-05-02T21:34:38 EDT" name="Default suite" finished-at="2024-05-02T21:35:06 EDT" duration-ms="27452">
    <groups>
    </groups>
    <test started-at="2024-05-02T21:34:38 EDT" name="Default test" finished-at="2024-05-02T21:35:06 EDT" duration-ms="27452">
      <class name="com.EasySeleniumFrameworkQuestions.TestNGQuestions">
        <test-method is-config="true" signature="naviageToWebsite()[pri:0, instance:com.EasySeleniumFrameworkQuestions.TestNGQuestions@8519cb4]" started-at="2024-05-02T21:34:38 EDT" name="naviageToWebsite" finished-at="2024-05-02T21:34:48 EDT" duration-ms="9829" status="PASS">
          <reporter-output>
          </reporter-output>
        </test-method> <!-- naviageToWebsite -->
        <test-method signature="question1()[pri:1, instance:com.EasySeleniumFrameworkQuestions.TestNGQuestions@8519cb4]" started-at="2024-05-02T21:34:48 EDT" name="question1" finished-at="2024-05-02T21:34:48 EDT" duration-ms="67" status="PASS">
          <reporter-output>
          </reporter-output>
        </test-method> <!-- question1 -->
        <test-method is-config="true" signature="tearDown()[pri:0, instance:com.EasySeleniumFrameworkQuestions.TestNGQuestions@8519cb4]" started-at="2024-05-02T21:34:48 EDT" name="tearDown" finished-at="2024-05-02T21:34:48 EDT" duration-ms="206" status="PASS">
          <reporter-output>
          </reporter-output>
        </test-method> <!-- tearDown -->
        <test-method is-config="true" signature="naviageToWebsite()[pri:0, instance:com.EasySeleniumFrameworkQuestions.TestNGQuestions@8519cb4]" started-at="2024-05-02T21:34:48 EDT" name="naviageToWebsite" finished-at="2024-05-02T21:34:55 EDT" duration-ms="6356" status="PASS">
          <reporter-output>
          </reporter-output>
        </test-method> <!-- naviageToWebsite -->
        <test-method signature="question2()[pri:2, instance:com.EasySeleniumFrameworkQuestions.TestNGQuestions@8519cb4]" started-at="2024-05-02T21:34:55 EDT" name="question2" finished-at="2024-05-02T21:34:57 EDT" duration-ms="2673" status="PASS">
          <reporter-output>
          </reporter-output>
        </test-method> <!-- question2 -->
        <test-method is-config="true" signature="tearDown()[pri:0, instance:com.EasySeleniumFrameworkQuestions.TestNGQuestions@8519cb4]" started-at="2024-05-02T21:34:57 EDT" name="tearDown" finished-at="2024-05-02T21:34:58 EDT" duration-ms="212" status="PASS">
          <reporter-output>
          </reporter-output>
        </test-method> <!-- tearDown -->
        <test-method is-config="true" signature="naviageToWebsite()[pri:0, instance:com.EasySeleniumFrameworkQuestions.TestNGQuestions@8519cb4]" started-at="2024-05-02T21:34:58 EDT" name="naviageToWebsite" finished-at="2024-05-02T21:35:04 EDT" duration-ms="6115" status="PASS">
          <reporter-output>
          </reporter-output>
        </test-method> <!-- naviageToWebsite -->
        <test-method signature="question3()[pri:3, instance:com.EasySeleniumFrameworkQuestions.TestNGQuestions@8519cb4]" started-at="2024-05-02T21:35:04 EDT" name="question3" finished-at="2024-05-02T21:35:05 EDT" duration-ms="1726" status="PASS">
          <reporter-output>
          </reporter-output>
        </test-method> <!-- question3 -->
        <test-method is-config="true" signature="tearDown()[pri:0, instance:com.EasySeleniumFrameworkQuestions.TestNGQuestions@8519cb4]" started-at="2024-05-02T21:35:05 EDT" name="tearDown" finished-at="2024-05-02T21:35:06 EDT" duration-ms="198" status="PASS">
          <reporter-output>
          </reporter-output>
        </test-method> <!-- tearDown -->
      </class> <!-- com.EasySeleniumFrameworkQuestions.TestNGQuestions -->
    </test> <!-- Default test -->
  </suite> <!-- Default suite -->
</testng-results>
